Using pre-set license
Built from '2020.3/staging' branch; Version is '2020.3.5f1 (8095aa901b9b) revision 8426922'; Using compiler version '192528614'; Build Type 'Release'
OS: 'Windows 10 Pro; OS build 19042.1052; Version 2009; 64bit' Language: 'pt' Physical Memory: 8013 MB
BatchMode: 1, IsHumanControllingUs: 0, StartBugReporterOnCrash: 0, Is64bit: 1, IsPro: 0

 COMMAND LINE ARGUMENTS:
C:\Program Files\Unity\Hub\Editor\2020.3.5f1\Editor\Unity.exe
-adb2
-batchMode
-noUpm
-name
AssetImportWorker0
-projectPath
C:/Users/Nadini/Google Drive/Design/211/Algoritmos e Programação/Trabalho Final - Game/JustScape
-logFile
Logs/AssetImportWorker0.log
-srvPort
53283
Successfully changed project path to: C:/Users/Nadini/Google Drive/Design/211/Algoritmos e Programação/Trabalho Final - Game/JustScape
C:/Users/Nadini/Google Drive/Design/211/Algoritmos e Programação/Trabalho Final - Game/JustScape
Using Asset Import Pipeline V2.
Refreshing native plugins compatible for Editor in 50.61 ms, found 0 plugins.
Preloading 0 native plugins for Editor in 0.00 ms.
Initialize engine version: 2020.3.5f1 (8095aa901b9b)
[Subsystems] Discovering subsystems at path C:/Program Files/Unity/Hub/Editor/2020.3.5f1/Editor/Data/Resources/UnitySubsystems
[Subsystems] Discovering subsystems at path C:/Users/Nadini/Google Drive/Design/211/Algoritmos e Programação/Trabalho Final - Game/JustScape/Assets
GfxDevice: creating device client; threaded=0
Direct3D:
    Version:  Direct3D 11.0 [level 11.1]
    Renderer: NVIDIA GeForce MX250 (ID=0x1d13)
    Vendor:   
    VRAM:     1983 MB
    Driver:   30.0.14.7111
Initialize mono
Mono path[0] = 'C:/Program Files/Unity/Hub/Editor/2020.3.5f1/Editor/Data/Managed'
Mono path[1] = 'C:/Program Files/Unity/Hub/Editor/2020.3.5f1/Editor/Data/MonoBleedingEdge/lib/mono/unityjit'
Mono config path = 'C:/Program Files/Unity/Hub/Editor/2020.3.5f1/Editor/Data/MonoBleedingEdge/etc'
Using monoOptions --debugger-agent=transport=dt_socket,embedding=1,server=y,suspend=n,address=127.0.0.1:56572
Begin MonoManager ReloadAssembly
Registering precompiled unity dll's ...
Register platform support module: C:/Program Files/Unity/Hub/Editor/2020.3.5f1/Editor/Data/PlaybackEngines/WebGLSupport/UnityEditor.WebGL.Extensions.dll
Register platform support module: C:/Program Files/Unity/Hub/Editor/2020.3.5f1/Editor/Data/PlaybackEngines/WindowsStandaloneSupport/UnityEditor.WindowsStandalone.Extensions.dll
Registered in 0.005049 seconds.
Native extension for WindowsStandalone target not found
Native extension for WebGL target not found
Refreshing native plugins compatible for Editor in 55.65 ms, found 0 plugins.
Preloading 0 native plugins for Editor in 0.00 ms.
Mono: successfully reloaded assembly
- Completed reload, in  3.601 seconds
Platform modules already initialized, skipping
Registering precompiled user dll's ...
Registered in 0.001151 seconds.
Begin MonoManager ReloadAssembly
Native extension for WindowsStandalone target not found
Native extension for WebGL target not found
Refreshing native plugins compatible for Editor in 0.38 ms, found 0 plugins.
Preloading 0 native plugins for Editor in 0.00 ms.
Mono: successfully reloaded assembly
- Completed reload, in  2.295 seconds
Platform modules already initialized, skipping
========================================================================
Worker process is ready to serve import requests
Launched and connected shader compiler UnityShaderCompiler.exe after 0.10 seconds
Refreshing native plugins compatible for Editor in 0.67 ms, found 0 plugins.
Preloading 0 native plugins for Editor in 0.00 ms.
Unloading 1123 Unused Serialized files (Serialized files now loaded: 0)
System memory in use before: 72.8 MB.
System memory in use after: 72.8 MB.

Unloading 10 unused Assets to reduce memory usage. Loaded Objects now: 1592.
Total: 5.776900 ms (FindLiveObjects: 0.640800 ms CreateObjectMapping: 1.025500 ms MarkObjects: 3.839900 ms  DeleteObjects: 0.266800 ms)

========================================================================
Received Import Request.
  path: Assets/Scripts/book.cs
  artifactKey: Guid(b6ba7ea110e9e0d479b66964faa0afbb) Importer(815301076,1909f56bfc062723c751e8b465ee728b)
Start importing Assets/Scripts/book.cs using Guid(b6ba7ea110e9e0d479b66964faa0afbb) Importer(815301076,1909f56bfc062723c751e8b465ee728b)  -> (artifact id: '1959a1a6d9601250c47a3754eb546d4b') in 0.056610 seconds
  Import took 0.059982 seconds .

========================================================================
Received Import Request.
  Time since last request: 31.286862 seconds.
  path: Assets/Scripts/gate_animation.cs
  artifactKey: Guid(ccfbcce1824c69641a13c926a01b9142) Importer(815301076,1909f56bfc062723c751e8b465ee728b)
Start importing Assets/Scripts/gate_animation.cs using Guid(ccfbcce1824c69641a13c926a01b9142) Importer(815301076,1909f56bfc062723c751e8b465ee728b)  -> (artifact id: '16414a30e4178ea5f86fc92416a596c4') in 0.017687 seconds
  Import took 0.022727 seconds .

========================================================================
Received Import Request.
  Time since last request: 12.237790 seconds.
  path: Assets/Scripts/menu.cs
  artifactKey: Guid(096e646548a3be944b751deb3e6e8299) Importer(815301076,1909f56bfc062723c751e8b465ee728b)
Start importing Assets/Scripts/menu.cs using Guid(096e646548a3be944b751deb3e6e8299) Importer(815301076,1909f56bfc062723c751e8b465ee728b)  -> (artifact id: 'ad3bb694f2495f186f20c9932b29e325') in 0.015689 seconds
  Import took 0.021463 seconds .

========================================================================
Received Import Request.
  Time since last request: 7.417711 seconds.
  path: Assets/Scripts/puzzle.cs
  artifactKey: Guid(211fa94ecb61cfd4599967589bf7f81d) Importer(815301076,1909f56bfc062723c751e8b465ee728b)
Start importing Assets/Scripts/puzzle.cs using Guid(211fa94ecb61cfd4599967589bf7f81d) Importer(815301076,1909f56bfc062723c751e8b465ee728b)  -> (artifact id: 'fd8ee87d30c9c47ad86ff2470b54567e') in 0.015429 seconds
  Import took 0.019511 seconds .

========================================================================
Received Prepare
Registering precompiled user dll's ...
Registered in 0.001112 seconds.
Begin MonoManager ReloadAssembly
Native extension for WindowsStandalone target not found
Native extension for WebGL target not found
Refreshing native plugins compatible for Editor in 0.63 ms, found 0 plugins.
Preloading 0 native plugins for Editor in 0.00 ms.
Mono: successfully reloaded assembly
- Completed reload, in  2.786 seconds
Platform modules already initialized, skipping
Refreshing native plugins compatible for Editor in 0.99 ms, found 0 plugins.
Preloading 0 native plugins for Editor in 0.00 ms.
Unloading 1118 Unused Serialized files (Serialized files now loaded: 0)
System memory in use before: 72.7 MB.
System memory in use after: 72.8 MB.

Unloading 5 unused Assets to reduce memory usage. Loaded Objects now: 1595.
Total: 8.589200 ms (FindLiveObjects: 0.747500 ms CreateObjectMapping: 0.253800 ms MarkObjects: 7.112900 ms  DeleteObjects: 0.467100 ms)

========================================================================
Received Prepare
Registering precompiled user dll's ...
Registered in 0.001142 seconds.
Begin MonoManager ReloadAssembly
Native extension for WindowsStandalone target not found
Native extension for WebGL target not found
Refreshing native plugins compatible for Editor in 0.67 ms, found 0 plugins.
Preloading 0 native plugins for Editor in 0.00 ms.
Mono: successfully reloaded assembly
- Completed reload, in  2.983 seconds
Platform modules already initialized, skipping
Refreshing native plugins compatible for Editor in 0.88 ms, found 0 plugins.
Preloading 0 native plugins for Editor in 0.00 ms.
Unloading 1118 Unused Serialized files (Serialized files now loaded: 0)
System memory in use before: 72.7 MB.
System memory in use after: 72.8 MB.

Unloading 5 unused Assets to reduce memory usage. Loaded Objects now: 1598.
Total: 6.252600 ms (FindLiveObjects: 0.463100 ms CreateObjectMapping: 0.130700 ms MarkObjects: 5.339400 ms  DeleteObjects: 0.314500 ms)

========================================================================
Received Prepare
Registering precompiled user dll's ...
Registered in 0.003428 seconds.
Begin MonoManager ReloadAssembly
Native extension for WindowsStandalone target not found
Native extension for WebGL target not found
Refreshing native plugins compatible for Editor in 0.93 ms, found 0 plugins.
Preloading 0 native plugins for Editor in 0.00 ms.
Mono: successfully reloaded assembly
- Completed reload, in  2.782 seconds
Platform modules already initialized, skipping
Refreshing native plugins compatible for Editor in 0.85 ms, found 0 plugins.
Preloading 0 native plugins for Editor in 0.00 ms.
Unloading 1118 Unused Serialized files (Serialized files now loaded: 0)
System memory in use before: 72.7 MB.
System memory in use after: 72.8 MB.

Unloading 5 unused Assets to reduce memory usage. Loaded Objects now: 1601.
Total: 15.332800 ms (FindLiveObjects: 0.627600 ms CreateObjectMapping: 0.436300 ms MarkObjects: 13.752000 ms  DeleteObjects: 0.507300 ms)

AssetImportWorkerClient::OnTransportError - code=2 error=End of file
